<?xml version="1.0" encoding="UTF-8"?>
<testng-results skipped="0" failed="1" ignored="0" total="10" passed="9">
  <reporter-output>
  </reporter-output>
  <suite name="Default suite" duration-ms="631217" started-at="2022-01-18T13:03:03 IST" finished-at="2022-01-18T13:13:34 IST">
    <groups>
    </groups>
    <test name="Default test" duration-ms="631217" started-at="2022-01-18T13:03:03 IST" finished-at="2022-01-18T13:13:34 IST">
      <class name="Runner.SavaariApp">
        <test-method status="PASS" signature="opendriver()[pri:0, instance:Runner.SavaariApp@59474f18]" name="opendriver" is-config="true" duration-ms="32332" started-at="2022-01-18T13:03:03 IST" finished-at="2022-01-18T13:03:35 IST">
          <reporter-output>
          </reporter-output>
        </test-method> <!-- opendriver -->
        <test-method status="PASS" signature="Title_validating(java.lang.reflect.Method)[pri:1, instance:Runner.SavaariApp@59474f18]" name="Title_validating" duration-ms="3021" started-at="2022-01-18T13:03:35 IST" finished-at="2022-01-18T13:03:38 IST">
          <params>
            <param index="0">
              <value>
                <![CDATA[public void Runner.SavaariApp.Title_validating(java.lang.reflect.Method) throws java.lang.Exception]]>
              </value>
            </param>
          </params>
          <reporter-output>
          </reporter-output>
        </test-method> <!-- Title_validating -->
        <test-method status="PASS" signature="closedriver()[pri:0, instance:Runner.SavaariApp@59474f18]" name="closedriver" is-config="true" duration-ms="160" started-at="2022-01-18T13:03:38 IST" finished-at="2022-01-18T13:03:39 IST">
          <reporter-output>
          </reporter-output>
        </test-method> <!-- closedriver -->
        <test-method status="PASS" signature="opendriver()[pri:0, instance:Runner.SavaariApp@59474f18]" name="opendriver" is-config="true" duration-ms="42672" started-at="2022-01-18T13:03:39 IST" finished-at="2022-01-18T13:04:21 IST">
          <reporter-output>
          </reporter-output>
        </test-method> <!-- opendriver -->
        <test-method status="PASS" signature="Contact_us(java.lang.reflect.Method)[pri:2, instance:Runner.SavaariApp@59474f18]" name="Contact_us" duration-ms="30384" started-at="2022-01-18T13:04:21 IST" finished-at="2022-01-18T13:04:52 IST">
          <params>
            <param index="0">
              <value>
                <![CDATA[public void Runner.SavaariApp.Contact_us(java.lang.reflect.Method) throws java.lang.Exception]]>
              </value>
            </param>
          </params>
          <reporter-output>
          </reporter-output>
        </test-method> <!-- Contact_us -->
        <test-method status="PASS" signature="closedriver()[pri:0, instance:Runner.SavaariApp@59474f18]" name="closedriver" is-config="true" duration-ms="54" started-at="2022-01-18T13:04:52 IST" finished-at="2022-01-18T13:04:52 IST">
          <reporter-output>
          </reporter-output>
        </test-method> <!-- closedriver -->
        <test-method status="PASS" signature="opendriver()[pri:0, instance:Runner.SavaariApp@59474f18]" name="opendriver" is-config="true" duration-ms="40835" started-at="2022-01-18T13:04:52 IST" finished-at="2022-01-18T13:05:33 IST">
          <reporter-output>
          </reporter-output>
        </test-method> <!-- opendriver -->
        <test-method status="PASS" signature="Downloadapp(java.lang.reflect.Method)[pri:3, instance:Runner.SavaariApp@59474f18]" name="Downloadapp" duration-ms="49903" started-at="2022-01-18T13:05:33 IST" finished-at="2022-01-18T13:06:22 IST">
          <params>
            <param index="0">
              <value>
                <![CDATA[public void Runner.SavaariApp.Downloadapp(java.lang.reflect.Method) throws java.lang.Exception]]>
              </value>
            </param>
          </params>
          <reporter-output>
          </reporter-output>
        </test-method> <!-- Downloadapp -->
        <test-method status="PASS" signature="closedriver()[pri:0, instance:Runner.SavaariApp@59474f18]" name="closedriver" is-config="true" duration-ms="123" started-at="2022-01-18T13:06:22 IST" finished-at="2022-01-18T13:06:23 IST">
          <reporter-output>
          </reporter-output>
        </test-method> <!-- closedriver -->
        <test-method status="PASS" signature="opendriver()[pri:0, instance:Runner.SavaariApp@59474f18]" name="opendriver" is-config="true" duration-ms="41778" started-at="2022-01-18T13:06:23 IST" finished-at="2022-01-18T13:07:04 IST">
          <reporter-output>
          </reporter-output>
        </test-method> <!-- opendriver -->
        <test-method status="PASS" signature="Car_selecting(java.lang.reflect.Method)[pri:4, instance:Runner.SavaariApp@59474f18]" name="Car_selecting" duration-ms="11589" started-at="2022-01-18T13:07:04 IST" finished-at="2022-01-18T13:07:16 IST">
          <params>
            <param index="0">
              <value>
                <![CDATA[public void Runner.SavaariApp.Car_selecting(java.lang.reflect.Method) throws java.lang.Exception]]>
              </value>
            </param>
          </params>
          <reporter-output>
          </reporter-output>
        </test-method> <!-- Car_selecting -->
        <test-method status="PASS" signature="closedriver()[pri:0, instance:Runner.SavaariApp@59474f18]" name="closedriver" is-config="true" duration-ms="173" started-at="2022-01-18T13:07:16 IST" finished-at="2022-01-18T13:07:16 IST">
          <reporter-output>
          </reporter-output>
        </test-method> <!-- closedriver -->
        <test-method status="PASS" signature="opendriver()[pri:0, instance:Runner.SavaariApp@59474f18]" name="opendriver" is-config="true" duration-ms="28350" started-at="2022-01-18T13:07:16 IST" finished-at="2022-01-18T13:07:44 IST">
          <reporter-output>
          </reporter-output>
        </test-method> <!-- opendriver -->
        <test-method status="PASS" signature="Cab_book(java.lang.reflect.Method)[pri:5, instance:Runner.SavaariApp@59474f18]" name="Cab_book" duration-ms="13357" started-at="2022-01-18T13:07:44 IST" finished-at="2022-01-18T13:07:58 IST">
          <params>
            <param index="0">
              <value>
                <![CDATA[public void Runner.SavaariApp.Cab_book(java.lang.reflect.Method) throws java.lang.Exception]]>
              </value>
            </param>
          </params>
          <reporter-output>
          </reporter-output>
        </test-method> <!-- Cab_book -->
        <test-method status="PASS" signature="closedriver()[pri:0, instance:Runner.SavaariApp@59474f18]" name="closedriver" is-config="true" duration-ms="51" started-at="2022-01-18T13:07:58 IST" finished-at="2022-01-18T13:07:58 IST">
          <reporter-output>
          </reporter-output>
        </test-method> <!-- closedriver -->
        <test-method status="PASS" signature="opendriver()[pri:0, instance:Runner.SavaariApp@59474f18]" name="opendriver" is-config="true" duration-ms="24525" started-at="2022-01-18T13:07:58 IST" finished-at="2022-01-18T13:08:22 IST">
          <reporter-output>
          </reporter-output>
        </test-method> <!-- opendriver -->
        <test-method status="PASS" signature="Signup(java.lang.reflect.Method)[pri:6, instance:Runner.SavaariApp@59474f18]" name="Signup" duration-ms="11270" started-at="2022-01-18T13:08:22 IST" finished-at="2022-01-18T13:08:34 IST">
          <params>
            <param index="0">
              <value>
                <![CDATA[public void Runner.SavaariApp.Signup(java.lang.reflect.Method) throws java.lang.Exception]]>
              </value>
            </param>
          </params>
          <reporter-output>
          </reporter-output>
        </test-method> <!-- Signup -->
        <test-method status="PASS" signature="closedriver()[pri:0, instance:Runner.SavaariApp@59474f18]" name="closedriver" is-config="true" duration-ms="144" started-at="2022-01-18T13:08:34 IST" finished-at="2022-01-18T13:08:34 IST">
          <reporter-output>
          </reporter-output>
        </test-method> <!-- closedriver -->
        <test-method status="PASS" signature="opendriver()[pri:0, instance:Runner.SavaariApp@59474f18]" name="opendriver" is-config="true" duration-ms="39973" started-at="2022-01-18T13:08:34 IST" finished-at="2022-01-18T13:09:14 IST">
          <reporter-output>
          </reporter-output>
        </test-method> <!-- opendriver -->
        <test-method status="PASS" signature="Car_one_way(java.lang.reflect.Method)[pri:7, instance:Runner.SavaariApp@59474f18]" name="Car_one_way" duration-ms="37113" started-at="2022-01-18T13:09:14 IST" finished-at="2022-01-18T13:09:51 IST">
          <params>
            <param index="0">
              <value>
                <![CDATA[public void Runner.SavaariApp.Car_one_way(java.lang.reflect.Method) throws java.lang.Exception]]>
              </value>
            </param>
          </params>
          <reporter-output>
          </reporter-output>
        </test-method> <!-- Car_one_way -->
        <test-method status="PASS" signature="closedriver()[pri:0, instance:Runner.SavaariApp@59474f18]" name="closedriver" is-config="true" duration-ms="145" started-at="2022-01-18T13:09:51 IST" finished-at="2022-01-18T13:09:51 IST">
          <reporter-output>
          </reporter-output>
        </test-method> <!-- closedriver -->
        <test-method status="PASS" signature="opendriver()[pri:0, instance:Runner.SavaariApp@59474f18]" name="opendriver" is-config="true" duration-ms="28453" started-at="2022-01-18T13:09:51 IST" finished-at="2022-01-18T13:10:19 IST">
          <reporter-output>
          </reporter-output>
        </test-method> <!-- opendriver -->
        <test-method status="FAIL" signature="Roundtrip(java.lang.reflect.Method)[pri:8, instance:Runner.SavaariApp@59474f18]" name="Roundtrip" duration-ms="43055" started-at="2022-01-18T13:10:19 IST" finished-at="2022-01-18T13:11:03 IST">
          <params>
            <param index="0">
              <value>
                <![CDATA[public void Runner.SavaariApp.Roundtrip(java.lang.reflect.Method) throws java.lang.Exception]]>
              </value>
            </param>
          </params>
          <exception class="java.lang.AssertionError">
            <message>
              <![CDATA[expected [true] but found [false]]]>
            </message>
            <full-stacktrace>
              <![CDATA[java.lang.AssertionError: expected [true] but found [false]
at org.testng.Assert.fail(Assert.java:99)
at org.testng.Assert.failNotEquals(Assert.java:1037)
at org.testng.Assert.assertTrue(Assert.java:45)
at org.testng.Assert.assertTrue(Assert.java:55)
at Runner.SavaariApp.Roundtrip(SavaariApp.java:312)
at sun.reflect.NativeMethodAccessorImpl.invoke0(Native Method)
at sun.reflect.NativeMethodAccessorImpl.invoke(NativeMethodAccessorImpl.java:62)
at sun.reflect.DelegatingMethodAccessorImpl.invoke(DelegatingMethodAccessorImpl.java:43)
at java.lang.reflect.Method.invoke(Method.java:498)
at org.testng.internal.MethodInvocationHelper.invokeMethod(MethodInvocationHelper.java:133)
at org.testng.internal.TestInvoker.invokeMethod(TestInvoker.java:598)
at org.testng.internal.TestInvoker.invokeTestMethod(TestInvoker.java:173)
at org.testng.internal.MethodRunner.runInSequence(MethodRunner.java:46)
at org.testng.internal.TestInvoker$MethodInvocationAgent.invoke(TestInvoker.java:824)
at org.testng.internal.TestInvoker.invokeTestMethods(TestInvoker.java:146)
at org.testng.internal.TestMethodWorker.invokeTestMethods(TestMethodWorker.java:146)
at org.testng.internal.TestMethodWorker.run(TestMethodWorker.java:128)
at java.util.ArrayList.forEach(ArrayList.java:1257)
at org.testng.TestRunner.privateRun(TestRunner.java:794)
at org.testng.TestRunner.run(TestRunner.java:596)
at org.testng.SuiteRunner.runTest(SuiteRunner.java:377)
at org.testng.SuiteRunner.runSequentially(SuiteRunner.java:371)
at org.testng.SuiteRunner.privateRun(SuiteRunner.java:332)
at org.testng.SuiteRunner.run(SuiteRunner.java:276)
at org.testng.SuiteRunnerWorker.runSuite(SuiteRunnerWorker.java:53)
at org.testng.SuiteRunnerWorker.run(SuiteRunnerWorker.java:96)
at org.testng.TestNG.runSuitesSequentially(TestNG.java:1212)
at org.testng.TestNG.runSuitesLocally(TestNG.java:1134)
at org.testng.TestNG.runSuites(TestNG.java:1063)
at org.testng.TestNG.run(TestNG.java:1031)
at org.testng.remote.AbstractRemoteTestNG.run(AbstractRemoteTestNG.java:115)
at org.testng.remote.RemoteTestNG.initAndRun(RemoteTestNG.java:251)
at org.testng.remote.RemoteTestNG.main(RemoteTestNG.java:77)
]]>
            </full-stacktrace>
          </exception> <!-- java.lang.AssertionError -->
          <reporter-output>
          </reporter-output>
        </test-method> <!-- Roundtrip -->
        <test-method status="PASS" signature="closedriver()[pri:0, instance:Runner.SavaariApp@59474f18]" name="closedriver" is-config="true" duration-ms="124" started-at="2022-01-18T13:11:03 IST" finished-at="2022-01-18T13:11:03 IST">
          <reporter-output>
          </reporter-output>
        </test-method> <!-- closedriver -->
        <test-method status="PASS" signature="opendriver()[pri:0, instance:Runner.SavaariApp@59474f18]" name="opendriver" is-config="true" duration-ms="27666" started-at="2022-01-18T13:11:03 IST" finished-at="2022-01-18T13:11:30 IST">
          <reporter-output>
          </reporter-output>
        </test-method> <!-- opendriver -->
        <test-method status="PASS" signature="Local_car(java.lang.reflect.Method)[pri:9, instance:Runner.SavaariApp@59474f18]" name="Local_car" duration-ms="42469" started-at="2022-01-18T13:11:30 IST" finished-at="2022-01-18T13:12:13 IST">
          <params>
            <param index="0">
              <value>
                <![CDATA[public void Runner.SavaariApp.Local_car(java.lang.reflect.Method) throws java.lang.Exception]]>
              </value>
            </param>
          </params>
          <reporter-output>
          </reporter-output>
        </test-method> <!-- Local_car -->
        <test-method status="PASS" signature="closedriver()[pri:0, instance:Runner.SavaariApp@59474f18]" name="closedriver" is-config="true" duration-ms="161" started-at="2022-01-18T13:12:13 IST" finished-at="2022-01-18T13:12:13 IST">
          <reporter-output>
          </reporter-output>
        </test-method> <!-- closedriver -->
        <test-method status="PASS" signature="opendriver()[pri:0, instance:Runner.SavaariApp@59474f18]" name="opendriver" is-config="true" duration-ms="29019" started-at="2022-01-18T13:12:13 IST" finished-at="2022-01-18T13:12:42 IST">
          <reporter-output>
          </reporter-output>
        </test-method> <!-- opendriver -->
        <test-method status="PASS" signature="Airport(java.lang.reflect.Method)[pri:10, instance:Runner.SavaariApp@59474f18]" name="Airport" duration-ms="51988" started-at="2022-01-18T13:12:42 IST" finished-at="2022-01-18T13:13:34 IST">
          <params>
            <param index="0">
              <value>
                <![CDATA[public void Runner.SavaariApp.Airport(java.lang.reflect.Method) throws java.lang.Exception]]>
              </value>
            </param>
          </params>
          <reporter-output>
          </reporter-output>
        </test-method> <!-- Airport -->
        <test-method status="PASS" signature="closedriver()[pri:0, instance:Runner.SavaariApp@59474f18]" name="closedriver" is-config="true" duration-ms="168" started-at="2022-01-18T13:13:34 IST" finished-at="2022-01-18T13:13:34 IST">
          <reporter-output>
          </reporter-output>
        </test-method> <!-- closedriver -->
        <test-method status="PASS" signature="flush()[pri:0, instance:Runner.SavaariApp@59474f18]" name="flush" is-config="true" duration-ms="1198" started-at="2022-01-18T13:13:34 IST" finished-at="2022-01-18T13:13:36 IST">
          <reporter-output>
          </reporter-output>
        </test-method> <!-- flush -->
      </class> <!-- Runner.SavaariApp -->
    </test> <!-- Default test -->
  </suite> <!-- Default suite -->
</testng-results>
