<?xml version="1.0" encoding="UTF-8"?>
<!-- Generated by org.testng.reporters.JUnitXMLReporter -->
<testsuite hostname="DESKTOP-6VNBHPC" ignored="0" name="Test" tests="10" failures="1" timestamp="2022-01-18T12:38:15 IST" time="654.634" errors="0">
  <testcase name="Title_validating" time="3.453" classname="Runner.SavaariApp"/>
  <testcase name="Contact_us" time="33.616" classname="Runner.SavaariApp"/>
  <testcase name="Downloadapp" time="51.621" classname="Runner.SavaariApp"/>
  <testcase name="Car_selecting" time="11.808" classname="Runner.SavaariApp"/>
  <testcase name="Cab_book" time="13.591" classname="Runner.SavaariApp"/>
  <testcase name="Signup" time="17.698" classname="Runner.SavaariApp"/>
  <testcase name="Car_one_way" time="35.378" classname="Runner.SavaariApp"/>
  <testcase name="Roundtrip" time="44.516" classname="Runner.SavaariApp">
    <failure type="java.lang.AssertionError" message="expected [true] but found [false]">
      <![CDATA[java.lang.AssertionError: expected [true] but found [false]
at Runner.SavaariApp.Roundtrip(SavaariApp.java:311)
at java.util.ArrayList.forEach(ArrayList.java:1257)
... Removed 31 stack frames]]>
    </failure>
  </testcase> <!-- Roundtrip -->
  <testcase name="Local_car" time="42.18" classname="Runner.SavaariApp"/>
  <testcase name="Airport" time="51.391" classname="Runner.SavaariApp"/>
</testsuite> <!-- Test -->
